// 重构日志: 4e4fe989
// 重构日志: 35a37708
// 重构日志: 76495a13
// 同步 ID: f6cb3a67 @ Fri Jun 26 00:11:18 UTC 2026
// 同步 ID: 7207b0a8 @ Sat Jun 27 10:14:07 UTC 2026
// 同步 ID: 30f0a723 @ Sat Jun 27 15:04:55 UTC 2026
// 重构日志: b1ca4de8
// 重构日志: 340ed45b
// 重构日志: 37327c22
// 重构日志: 2094605d
// 同步 ID: 5fcbbf5c @ Fri Jul 10 18:05:12 UTC 2026
// 重构日志: 8688fb39
// 同步 ID: e87522e2 @ Mon Jul 13 14:51:31 UTC 2026
// 同步 ID: f857ccfd @ Mon Jul 13 20:37:52 UTC 2026
// 同步 ID: 9654ea8e @ Tue Jul 14 12:04:44 UTC 2026
// 重构日志: 36575276
// 同步 ID: a0020a68 @ Wed Jul 15 01:24:15 UTC 2026
// 同步 ID: e1837660 @ Wed Jul 15 11:59:16 UTC 2026
// 重构日志: 36588ed1
// 同步 ID: f5bff194 @ Thu Jul 16 11:35:23 UTC 2026
// 同步 ID: 131c5851 @ Thu Jul 16 13:51:51 UTC 2026
// 同步 ID: a6ed08d6 @ Thu Jul 16 17:51:23 UTC 2026
// 重构日志: ff88b6a4
// 重构日志: 0ccc91d1
// 重构日志: ff031ccb
// 重构日志: b221b72f
// 重构日志: 7ca39d23
// 重构日志: 46c5a31a
// 同步 ID: 90c46727 @ Fri Jul 17 20:23:33 UTC 2026
